# JRE version: Java(TM) SE Runtime Environment (8.0_144-b01) (build 1.8.0_144-b01)
# Java VM: Java HotSpot(TM) 64-Bit Server VM (25.144-b01 mixed mode windows-amd64 compressed oops)
Heap:
 PSYoungGen      total 299008K, used 51269K [0x00000000d5780000, 0x00000000f3b00000, 0x0000000100000000)
  eden space 258048K, 3% used [0x00000000d5780000,0x00000000d61914a0,0x00000000e5380000)
  from space 40960K, 100% used [0x00000000f1300000,0x00000000f3b00000,0x00000000f3b00000)
  to   space 28160K, 0% used [0x00000000e5380000,0x00000000e5380000,0x00000000e6f00000)
 ParOldGen       total 87552K, used 68606K [0x0000000080600000, 0x0000000085b80000, 0x00000000d5780000)
  object space 87552K, 78% used [0x0000000080600000,0x00000000848ff8f0,0x0000000085b80000)
 Metaspace       used 4569K, capacity 4894K, committed 5248K, reserved 1056768K
  class space    used 488K, capacity 530K, committed 640K, reserved 1048576K
GC Heap History (10 events):
Event: 0.887 GC heap before
{Heap before GC invocations=6 (full 0):
 PSYoungGen      total 71680K, used 71680K [0x00000000d5780000, 0x00000000df380000, 0x0000000100000000)
  eden space 66560K, 100% used [0x00000000d5780000,0x00000000d9880000,0x00000000d9880000)
  from space 5120K, 100% used [0x00000000d9880000,0x00000000d9d80000,0x00000000d9d80000)
  to   space 13312K, 0% used [0x00000000de680000,0x00000000de680000,0x00000000df380000)
 ParOldGen       total 87552K, used 16806K [0x0000000080600000, 0x0000000085b80000, 0x00000000d5780000)
  object space 87552K, 19% used [0x0000000080600000,0x00000000816698f0,0x0000000085b80000)
 Metaspace       used 4569K, capacity 4894K, committed 5248K, reserved 1056768K
  class space    used 488K, capacity 530K, committed 640K, reserved 1048576K
Event: 0.896 GC heap after
Heap after GC invocations=6 (full 0):
 PSYoungGen      total 145408K, used 12064K [0x00000000d5780000, 0x00000000df580000, 0x0000000100000000)
  eden space 132096K, 0% used [0x00000000d5780000,0x00000000d5780000,0x00000000dd880000)
  from space 13312K, 90% used [0x00000000de680000,0x00000000df248000,0x00000000df380000)
  to   space 14336K, 0% used [0x00000000dd880000,0x00000000dd880000,0x00000000de680000)
 ParOldGen       total 87552K, used 16806K [0x0000000080600000, 0x0000000085b80000, 0x00000000d5780000)
  object space 87552K, 19% used [0x0000000080600000,0x00000000816698f0,0x0000000085b80000)
 Metaspace       used 4569K, capacity 4894K, committed 5248K, reserved 1056768K
  class space    used 488K, capacity 530K, committed 640K, reserved 1048576K
}
Event: 1.008 GC heap before
{Heap before GC invocations=7 (full 0):
 PSYoungGen      total 145408K, used 144160K [0x00000000d5780000, 0x00000000df580000, 0x0000000100000000)
  eden space 132096K, 100% used [0x00000000d5780000,0x00000000dd880000,0x00000000dd880000)
  from space 13312K, 90% used [0x00000000de680000,0x00000000df248000,0x00000000df380000)
  to   space 14336K, 0% used [0x00000000dd880000,0x00000000dd880000,0x00000000de680000)
 ParOldGen       total 87552K, used 16806K [0x0000000080600000, 0x0000000085b80000, 0x00000000d5780000)
  object space 87552K, 19% used [0x0000000080600000,0x00000000816698f0,0x0000000085b80000)
 Metaspace       used 4569K, capacity 4894K, committed 5248K, reserved 1056768K
  class space    used 488K, capacity 530K, committed 640K, reserved 1048576K
Event: 1.039 GC heap after
Heap after GC invocations=7 (full 0):
 PSYoungGen      total 146432K, used 14336K [0x00000000d5780000, 0x00000000e8480000, 0x0000000100000000)
  eden space 132096K, 0% used [0x00000000d5780000,0x00000000d5780000,0x00000000dd880000)
  from space 14336K, 100% used [0x00000000dd880000,0x00000000de680000,0x00000000de680000)
  to   space 22016K, 0% used [0x00000000e6f00000,0x00000000e6f00000,0x00000000e8480000)
 ParOldGen       total 87552K, used 28334K [0x0000000080600000, 0x0000000085b80000, 0x00000000d5780000)
  object space 87552K, 32% used [0x0000000080600000,0x00000000821ab8f0,0x0000000085b80000)
 Metaspace       used 4569K, capacity 4894K, committed 5248K, reserved 1056768K
  class space    used 488K, capacity 530K, committed 640K, reserved 1048576K
}
Event: 1.116 GC heap before
{Heap before GC invocations=8 (full 0):
 PSYoungGen      total 146432K, used 146432K [0x00000000d5780000, 0x00000000e8480000, 0x0000000100000000)
  eden space 132096K, 100% used [0x00000000d5780000,0x00000000dd880000,0x00000000dd880000)
  from space 14336K, 100% used [0x00000000dd880000,0x00000000de680000,0x00000000de680000)
  to   space 22016K, 0% used [0x00000000e6f00000,0x00000000e6f00000,0x00000000e8480000)
 ParOldGen       total 87552K, used 28334K [0x0000000080600000, 0x0000000085b80000, 0x00000000d5780000)
  object space 87552K, 32% used [0x0000000080600000,0x00000000821ab8f0,0x0000000085b80000)
 Metaspace       used 4569K, capacity 4894K, committed 5248K, reserved 1056768K
  class space    used 488K, capacity 530K, committed 640K, reserved 1048576K
Event: 1.142 GC heap after
Heap after GC invocations=8 (full 0):
 PSYoungGen      total 280064K, used 22016K [0x00000000d5780000, 0x00000000e9080000, 0x0000000100000000)
  eden space 258048K, 0% used [0x00000000d5780000,0x00000000d5780000,0x00000000e5380000)
  from space 22016K, 100% used [0x00000000e6f00000,0x00000000e8480000,0x00000000e8480000)
  to   space 28160K, 0% used [0x00000000e5380000,0x00000000e5380000,0x00000000e6f00000)
 ParOldGen       total 87552K, used 34246K [0x0000000080600000, 0x0000000085b80000, 0x00000000d5780000)
  object space 87552K, 39% used [0x0000000080600000,0x00000000827718f0,0x0000000085b80000)
 Metaspace       used 4569K, capacity 4894K, committed 5248K, reserved 1056768K
  class space    used 488K, capacity 530K, committed 640K, reserved 1048576K
}
Event: 1.332 GC heap before
{Heap before GC invocations=9 (full 0):
 PSYoungGen      total 280064K, used 280064K [0x00000000d5780000, 0x00000000e9080000, 0x0000000100000000)
  eden space 258048K, 100% used [0x00000000d5780000,0x00000000e5380000,0x00000000e5380000)
  from space 22016K, 100% used [0x00000000e6f00000,0x00000000e8480000,0x00000000e8480000)
  to   space 28160K, 0% used [0x00000000e5380000,0x00000000e5380000,0x00000000e6f00000)
 ParOldGen       total 87552K, used 34246K [0x0000000080600000, 0x0000000085b80000, 0x00000000d5780000)
  object space 87552K, 39% used [0x0000000080600000,0x00000000827718f0,0x0000000085b80000)
 Metaspace       used 4569K, capacity 4894K, committed 5248K, reserved 1056768K
  class space    used 488K, capacity 530K, committed 640K, reserved 1048576K
Event: 1.419 GC heap after
Heap after GC invocations=9 (full 0):
 PSYoungGen      total 286208K, used 28160K [0x00000000d5780000, 0x00000000f3b00000, 0x0000000100000000)
  eden space 258048K, 0% used [0x00000000d5780000,0x00000000d5780000,0x00000000e5380000)
  from space 28160K, 100% used [0x00000000e5380000,0x00000000e6f00000,0x00000000e6f00000)
  to   space 40960K, 0% used [0x00000000f1300000,0x00000000f1300000,0x00000000f3b00000)
 ParOldGen       total 87552K, used 54614K [0x0000000080600000, 0x0000000085b80000, 0x00000000d5780000)
  object space 87552K, 62% used [0x0000000080600000,0x0000000083b558f0,0x0000000085b80000)
 Metaspace       used 4569K, capacity 4894K, committed 5248K, reserved 1056768K
  class space    used 488K, capacity 530K, committed 640K, reserved 1048576K
}
Event: 1.680 GC heap before
{Heap before GC invocations=10 (full 0):
 PSYoungGen      total 286208K, used 286208K [0x00000000d5780000, 0x00000000f3b00000, 0x0000000100000000)
  eden space 258048K, 100% used [0x00000000d5780000,0x00000000e5380000,0x00000000e5380000)
  from space 28160K, 100% used [0x00000000e5380000,0x00000000e6f00000,0x00000000e6f00000)
  to   space 40960K, 0% used [0x00000000f1300000,0x00000000f1300000,0x00000000f3b00000)
 ParOldGen       total 87552K, used 54614K [0x0000000080600000, 0x0000000085b80000, 0x00000000d5780000)
  object space 87552K, 62% used [0x0000000080600000,0x0000000083b558f0,0x0000000085b80000)
 Metaspace       used 4569K, capacity 4894K, committed 5248K, reserved 1056768K
  class space    used 488K, capacity 530K, committed 640K, reserved 1048576K
Event: 1.742 GC heap after
Heap after GC invocations=10 (full 0):
 PSYoungGen      total 299008K, used 40960K [0x00000000d5780000, 0x00000000f3b00000, 0x0000000100000000)
  eden space 258048K, 0% used [0x00000000d5780000,0x00000000d5780000,0x00000000e5380000)
  from space 40960K, 100% used [0x00000000f1300000,0x00000000f3b00000,0x00000000f3b00000)
  to   space 28160K, 0% used [0x00000000e5380000,0x00000000e5380000,0x00000000e6f00000)
 ParOldGen       total 87552K, used 68606K [0x0000000080600000, 0x0000000085b80000, 0x00000000d5780000)
  object space 87552K, 78% used [0x0000000080600000,0x00000000848ff8f0,0x0000000085b80000)
 Metaspace       used 4569K, capacity 4894K, committed 5248K, reserved 1056768K
  class space    used 488K, capacity 530K, committed 640K, reserved 1048576K
}

